TN:
SF:src/models/Role.ts
FN:15,(anonymous_2)
FN:23,(anonymous_3)
FN:23,(anonymous_4)
FNF:3
FNH:0
FNDA:0,(anonymous_2)
FNDA:0,(anonymous_3)
FNDA:0,(anonymous_4)
DA:1,1
DA:2,1
DA:10,1
DA:14,1
DA:15,0
DA:17,1
DA:21,1
DA:23,0
DA:27,1
DA:31,1
DA:33,1
LF:11
LH:9
BRF:0
BRH:0
end_of_record
TN:
SF:src/models/User.ts
FN:14,(anonymous_2)
FN:30,(anonymous_3)
FN:31,(anonymous_4)
FN:31,(anonymous_5)
FNF:4
FNH:0
FNDA:0,(anonymous_2)
FNDA:0,(anonymous_3)
FNDA:0,(anonymous_4)
FNDA:0,(anonymous_5)
DA:1,1
DA:2,1
DA:9,1
DA:13,1
DA:14,0
DA:16,1
DA:20,1
DA:24,1
DA:28,1
DA:30,0
DA:31,0
DA:32,1
DA:38,1
DA:42,1
DA:44,1
DA:47,1
DA:50,1
DA:53,1
LF:18
LH:15
BRF:0
BRH:0
end_of_record
